Arguments: 
  /usr/local/bin/node /usr/local/bin/yarn install

PATH: 
  /opt/local/bin:/opt/local/sbin:/usr/bin:/bin:/usr/sbin:/sbin:/usr/local/bin:/opt/X11/bin:/opt/ImageMagick/bin

Yarn version: 
  0.27.5

Node version: 
  8.0.0

Platform: 
  darwin x64

npm manifest: 
  {
    "name": "manual",
    "version": "1.0.0",
    "description": "Nodriza Manual",
    "main": "index.js",
    "scripts": {
      "start": "./node_modules/nodemon/bin/nodemon.js -L lint.js"
    },
    "repository": {
      "type": "git",
      "url": "git+https://github.com/nodriza-io/manual.git"
    },
    "keywords": [
      "nodriza",
      "manual",
      "html"
    ],
    "author": "Juan Carlos Prieto",
    "license": "ISC",
    "bugs": {
      "url": "https://github.com/nodriza-io/manual/issues"
    },
    "homepage": "https://github.com/nodriza-io/manual#readme",
    "dependencies": {
      "async": "^2.5.0",
      "colors": "^1.1.2",
      "directory-tree": "^2.0.0",
      "node-env-file": "^0.1.8",
      "s3-sync": "^1.0.1",
    }
  }

yarn manifest: 
  No manifest

Lockfile: 
  No lockfile

Trace: 
  SyntaxError: /Users/juanshox/Documents/dev/manual/package.json: Unexpected token } in JSON at position 692
      at JSON.parse (<anonymous>)
      at /usr/local/lib/node_modules/yarn/lib/util/fs.js:554:57
      at Generator.next (<anonymous>)
      at step (/usr/local/lib/node_modules/yarn/node_modules/babel-runtime/helpers/asyncToGenerator.js:17:30)
      at /usr/local/lib/node_modules/yarn/node_modules/babel-runtime/helpers/asyncToGenerator.js:28:13
      at <anonymous>
